<?xml version="1.0" encoding="UTF-8"?>
<testng-results skipped="0" failed="0" total="1" passed="1">
  <reporter-output>
  </reporter-output>
  <suite name="Default suite" duration-ms="36" started-at="2018-11-05T14:30:46Z" finished-at="2018-11-05T14:30:46Z">
    <groups>
    </groups>
    <test name="Default test" duration-ms="36" started-at="2018-11-05T14:30:46Z" finished-at="2018-11-05T14:30:46Z">
      <class name="SeleniumWithJenkins.SeleniumImple.RandomEmailGeneratorTest">
        <test-method status="PASS" signature="testEmailGenerator()[pri:0, instance:SeleniumWithJenkins.SeleniumImple.RandomEmailGeneratorTest@2c9f9fb0]" name="testEmailGenerator" duration-ms="17" started-at="2018-11-05T20:00:46Z" finished-at="2018-11-05T20:00:46Z">
          <reporter-output>
          </reporter-output>
        </test-method> <!-- testEmailGenerator -->
      </class> <!-- SeleniumWithJenkins.SeleniumImple.RandomEmailGeneratorTest -->
    </test> <!-- Default test -->
  </suite> <!-- Default suite -->
</testng-results>
